<?xml version="1.0" encoding="UTF-8"?>
<testng-results ignored="0" total="1" passed="1" failed="0" skipped="0">
  <reporter-output>
  </reporter-output>
  <suite started-at="2023-02-24T10:44:01 IST" name="Default suite" finished-at="2023-02-24T10:44:20 IST" duration-ms="19027">
    <groups>
    </groups>
    <test started-at="2023-02-24T10:44:01 IST" name="Default test" finished-at="2023-02-24T10:44:20 IST" duration-ms="19027">
      <class name="codestudio.PrintAll_Result">
        <test-method signature="test()[pri:0, instance:codestudio.PrintAll_Result@56620197]" started-at="2023-02-24T10:44:01 IST" name="test" finished-at="2023-02-24T10:44:20 IST" duration-ms="18999" status="PASS">
          <reporter-output>
          </reporter-output>
        </test-method> <!-- test -->
      </class> <!-- codestudio.PrintAll_Result -->
    </test> <!-- Default test -->
  </suite> <!-- Default suite -->
</testng-results>
